Info: Start Nativelink Simulation process

========= EDA Simulation Settings =====================

Sim Mode              :  Gate
Family                :  max10
Quartus root          :  c:/intelfpga_lite/20.1/quartus/bin64/
Quartus sim root      :  c:/intelfpga_lite/20.1/quartus/eda/sim_lib
Simulation Tool       :  modelsim-altera
Simulation Language   :  vhdl
Version               :  93
Simulation Mode       :  GUI
Sim Output File       :  PWMgeneration_top.vho
Sim SDF file          :  PWMgeneration_top__vhdl.sdo
Sim dir               :  simulation\modelsim

=======================================================

Info: Starting NativeLink simulation with ModelSim-Altera software
Sourced NativeLink script c:/intelfpga_lite/20.1/quartus/common/tcl/internal/nativelink/modelsim.tcl
Warning: File PWMgeneration_top_run_msim_gate_vhdl.do already exists - backing up current file as PWMgeneration_top_run_msim_gate_vhdl.do.bak11
Probing transcript
ModelSim-Altera Info: # Reading pref.tcl
ModelSim-Altera Info: # do PWMgeneration_top_run_msim_gate_vhdl.do
ModelSim-Altera Info: # if {[file exists gate_work]} {
ModelSim-Altera Info: # 	vdel -lib gate_work -all
ModelSim-Altera Info: # }
ModelSim-Altera Info: # vlib gate_work
ModelSim-Altera Info: # vmap work gate_work
ModelSim-Altera Info: # Model Technology ModelSim - Intel FPGA Edition vmap 2020.1 Lib Mapping Utility 2020.02 Feb 28 2020
ModelSim-Altera Info: # vmap work gate_work 
ModelSim-Altera Info: # Copying C:/intelFPGA_lite/20.1/modelsim_ase/win32aloem/../modelsim.ini to modelsim.ini
ModelSim-Altera Info: # Modifying modelsim.ini
ModelSim-Altera Info: # 
ModelSim-Altera Info: # vcom -93 -work work {PWMgeneration_top.vho}
ModelSim-Altera Info: # Model Technology ModelSim - Intel FPGA Edition vcom 2020.1 Compiler 2020.02 Feb 28 2020
ModelSim-Altera Info: # Start time: 15:58:00 on May 27,2022
ModelSim-Altera Info: # vcom -reportprogress 300 -93 -work work PWMgeneration_top.vho 
ModelSim-Altera Info: # -- Loading package STANDARD
ModelSim-Altera Info: # -- Loading package TEXTIO
ModelSim-Altera Info: # -- Loading package std_logic_1164
ModelSim-Altera Info: # -- Loading package VITAL_Timing
ModelSim-Altera Info: # -- Loading package VITAL_Primitives
ModelSim-Altera Info: # -- Loading package fiftyfivenm_atom_pack
ModelSim-Altera Info: # -- Loading package fiftyfivenm_components
ModelSim-Altera Info: # -- Compiling entity hard_block
ModelSim-Altera Info: # -- Compiling architecture structure of hard_block
ModelSim-Altera Info: # -- Loading package dffeas_pack
ModelSim-Altera Info: # -- Loading package altera_primitives_components
ModelSim-Altera Info: # -- Loading package std_logic_arith
ModelSim-Altera Info: # -- Compiling entity incdec_duty
ModelSim-Altera Info: # -- Compiling architecture structure of incdec_duty
ModelSim-Altera Info: # End time: 15:58:00 on May 27,2022, Elapsed time: 0:00:00
ModelSim-Altera Info: # Errors: 0, Warnings: 0
ModelSim-Altera Info: # 
ModelSim-Altera Info: vcom -reportprogress 300 -work work {C:/Users/PC/OneDrive - Universidad de Oviedo/PhD/GitHub/Buckboost-OpenLoopPWM/VHDL/PWMgenerationv1/PWM_pkg.vhd}
ModelSim-Altera Info: # Model Technology ModelSim - Intel FPGA Edition vcom 2020.1 Compiler 2020.02 Feb 28 2020
ModelSim-Altera Info: # Start time: 15:58:27 on May 27,2022
ModelSim-Altera Info: # vcom -reportprogress 300 -work work C:/Users/PC/OneDrive - Universidad de Oviedo/PhD/GitHub/Buckboost-OpenLoopPWM/VHDL/PWMgenerationv1/PWM_pkg.vhd 
ModelSim-Altera Info: # -- Loading package STANDARD
ModelSim-Altera Info: # -- Compiling package PWM_package
ModelSim-Altera Info: # -- Compiling package body PWM_package
ModelSim-Altera Info: # -- Loading package PWM_package
ModelSim-Altera Info: # End time: 15:58:28 on May 27,2022, Elapsed time: 0:00:01
ModelSim-Altera Info: # Errors: 0, Warnings: 0
ModelSim-Altera Info: vcom -reportprogress 300 -work work {C:/Users/PC/OneDrive - Universidad de Oviedo/PhD/GitHub/Buckboost-OpenLoopPWM/VHDL/PWMgenerationv1/incdec_duty.vhd}
ModelSim-Altera Info: # Model Technology ModelSim - Intel FPGA Edition vcom 2020.1 Compiler 2020.02 Feb 28 2020
ModelSim-Altera Info: # Start time: 15:58:38 on May 27,2022
ModelSim-Altera Info: # vcom -reportprogress 300 -work work C:/Users/PC/OneDrive - Universidad de Oviedo/PhD/GitHub/Buckboost-OpenLoopPWM/VHDL/PWMgenerationv1/incdec_duty.vhd 
ModelSim-Altera Info: # -- Loading package STANDARD
ModelSim-Altera Info: # -- Loading package TEXTIO
ModelSim-Altera Info: # -- Loading package std_logic_1164
ModelSim-Altera Info: # -- Loading package NUMERIC_STD
ModelSim-Altera Info: # -- Loading package std_logic_arith
ModelSim-Altera Info: # -- Loading package STD_LOGIC_UNSIGNED
ModelSim-Altera Info: # -- Loading package PWM_package
ModelSim-Altera Info: # -- Compiling entity incdec_duty
ModelSim-Altera Info: # -- Compiling architecture behavior of incdec_duty
ModelSim-Altera Error: # ** Error: C:/Users/PC/OneDrive - Universidad de Oviedo/PhD/GitHub/Buckboost-OpenLoopPWM/VHDL/PWMgenerationv1/incdec_duty.vhd(112): (vcom-1030) Subprogram "incr" signal formal "val_sig" bounds do not match those of actual.
ModelSim-Altera Error: # ** Error: C:/Users/PC/OneDrive - Universidad de Oviedo/PhD/GitHub/Buckboost-OpenLoopPWM/VHDL/PWMgenerationv1/incdec_duty.vhd(114): (vcom-1030) Subprogram "decr" signal formal "val_sig" bounds do not match those of actual.
ModelSim-Altera Error: # ** Error: C:/Users/PC/OneDrive - Universidad de Oviedo/PhD/GitHub/Buckboost-OpenLoopPWM/VHDL/PWMgenerationv1/incdec_duty.vhd(122): (vcom-1030) Subprogram "incr" signal formal "val_sig" bounds do not match those of actual.
ModelSim-Altera Error: # ** Error: C:/Users/PC/OneDrive - Universidad de Oviedo/PhD/GitHub/Buckboost-OpenLoopPWM/VHDL/PWMgenerationv1/incdec_duty.vhd(124): (vcom-1030) Subprogram "decr" signal formal "val_sig" bounds do not match those of actual.
ModelSim-Altera Error: # ** Error: C:/Users/PC/OneDrive - Universidad de Oviedo/PhD/GitHub/Buckboost-OpenLoopPWM/VHDL/PWMgenerationv1/incdec_duty.vhd(135): (vcom-1030) Subprogram "incr" signal formal "val_sig" bounds do not match those of actual.
ModelSim-Altera Error: # ** Error: C:/Users/PC/OneDrive - Universidad de Oviedo/PhD/GitHub/Buckboost-OpenLoopPWM/VHDL/PWMgenerationv1/incdec_duty.vhd(137): (vcom-1030) Subprogram "decr" signal formal "val_sig" bounds do not match those of actual.
ModelSim-Altera Error: # ** Error: C:/Users/PC/OneDrive - Universidad de Oviedo/PhD/GitHub/Buckboost-OpenLoopPWM/VHDL/PWMgenerationv1/incdec_duty.vhd(141): (vcom-1030) Subprogram "incr" signal formal "val_sig" bounds do not match those of actual.
ModelSim-Altera Error: # ** Error: C:/Users/PC/OneDrive - Universidad de Oviedo/PhD/GitHub/Buckboost-OpenLoopPWM/VHDL/PWMgenerationv1/incdec_duty.vhd(143): (vcom-1030) Subprogram "decr" signal formal "val_sig" bounds do not match those of actual.
ModelSim-Altera Error: # ** Error: C:/Users/PC/OneDrive - Universidad de Oviedo/PhD/GitHub/Buckboost-OpenLoopPWM/VHDL/PWMgenerationv1/incdec_duty.vhd(167): (vcom-1030) Subprogram "incr" signal formal "val_sig" bounds do not match those of actual.
ModelSim-Altera Error: # ** Error: C:/Users/PC/OneDrive - Universidad de Oviedo/PhD/GitHub/Buckboost-OpenLoopPWM/VHDL/PWMgenerationv1/incdec_duty.vhd(169): (vcom-1030) Subprogram "decr" signal formal "val_sig" bounds do not match those of actual.
ModelSim-Altera Info: # ** Note: C:/Users/PC/OneDrive - Universidad de Oviedo/PhD/GitHub/Buckboost-OpenLoopPWM/VHDL/PWMgenerationv1/incdec_duty.vhd(176): VHDL Compiler exiting
ModelSim-Altera Info: # End time: 15:58:38 on May 27,2022, Elapsed time: 0:00:00
ModelSim-Altera Info: # Errors: 10, Warnings: 0
ModelSim-Altera Info: vcom -reportprogress 300 -work work {C:/Users/PC/OneDrive - Universidad de Oviedo/PhD/GitHub/Buckboost-OpenLoopPWM/VHDL/PWMgenerationv1/PWM_pkg.vhd}
ModelSim-Altera Info: # Model Technology ModelSim - Intel FPGA Edition vcom 2020.1 Compiler 2020.02 Feb 28 2020
ModelSim-Altera Info: # Start time: 16:02:02 on May 27,2022
ModelSim-Altera Info: # vcom -reportprogress 300 -work work C:/Users/PC/OneDrive - Universidad de Oviedo/PhD/GitHub/Buckboost-OpenLoopPWM/VHDL/PWMgenerationv1/PWM_pkg.vhd 
ModelSim-Altera Info: # -- Loading package STANDARD
ModelSim-Altera Info: # -- Compiling package PWM_package
ModelSim-Altera Info: # -- Compiling package body PWM_package
ModelSim-Altera Info: # -- Loading package PWM_package
ModelSim-Altera Error: # ** Error: C:/Users/PC/OneDrive - Universidad de Oviedo/PhD/GitHub/Buckboost-OpenLoopPWM/VHDL/PWMgenerationv1/PWM_pkg.vhd(39): Subprogram "incr" parameter "val_sig" type does not conform between subprogram declaration and subprogram body.
ModelSim-Altera Error: # ** Error: C:/Users/PC/OneDrive - Universidad de Oviedo/PhD/GitHub/Buckboost-OpenLoopPWM/VHDL/PWMgenerationv1/PWM_pkg.vhd(40): Subprogram "incr" parameter "val_act" type does not conform between subprogram declaration and subprogram body.
ModelSim-Altera Error: # ** Error: C:/Users/PC/OneDrive - Universidad de Oviedo/PhD/GitHub/Buckboost-OpenLoopPWM/VHDL/PWMgenerationv1/PWM_pkg.vhd(54): Subprogram "decr" parameter "val_sig" type does not conform between subprogram declaration and subprogram body.
ModelSim-Altera Error: # ** Error: C:/Users/PC/OneDrive - Universidad de Oviedo/PhD/GitHub/Buckboost-OpenLoopPWM/VHDL/PWMgenerationv1/PWM_pkg.vhd(55): Subprogram "decr" parameter "val_act" type does not conform between subprogram declaration and subprogram body.
ModelSim-Altera Error: # ** Error: C:/Users/PC/OneDrive - Universidad de Oviedo/PhD/GitHub/Buckboost-OpenLoopPWM/VHDL/PWMgenerationv1/PWM_pkg.vhd(67): Procedure "incr" declared at line 3 has no body.
ModelSim-Altera Info: # 
ModelSim-Altera Error: # ** Error: C:/Users/PC/OneDrive - Universidad de Oviedo/PhD/GitHub/Buckboost-OpenLoopPWM/VHDL/PWMgenerationv1/PWM_pkg.vhd(67): Procedure "decr" declared at line 10 has no body.
ModelSim-Altera Info: # 
ModelSim-Altera Info: # ** Note: C:/Users/PC/OneDrive - Universidad de Oviedo/PhD/GitHub/Buckboost-OpenLoopPWM/VHDL/PWMgenerationv1/PWM_pkg.vhd(67): VHDL Compiler exiting
ModelSim-Altera Info: # End time: 16:02:03 on May 27,2022, Elapsed time: 0:00:01
ModelSim-Altera Info: # Errors: 6, Warnings: 0
Error: Errors encountered while running modelsim do file
Error: NativeLink simulation flow was NOT successful



================The following additional information is provided to help identify the cause of error while running nativelink scripts=================
Nativelink TCL script failed with errorCode:  1
Nativelink TCL script failed with errorInfo:  1
    (procedure "launch_sim" line 1)
    invoked from within
"launch_sim launch_args_hash"
    ("eval" body line 1)
    invoked from within
"eval launch_sim launch_args_hash"
    invoked from within
"if [ info exists ::errorCode ] {
                set savedCode $::errorCode
                set savedInfo $::errorInfo
                error $result $..."
    invoked from within
"if [catch {eval launch_sim launch_args_hash} result ] {
            set status 1
            if [ info exists ::errorCode ] {
                set save..."
    (procedure "run_sim" line 74)
    invoked from within
"run_sim run_sim_args_hash"
    invoked from within
"if [ info exists ::errorCode ] {
            set savedCode $::errorCode
            set savedInfo $::errorInfo
            error "$result" $savedInfo ..."
    (procedure "run_eda_simulation_tool" line 334)
    invoked from within
"run_eda_simulation_tool eda_opts_hash"
