Analysis & Synthesis report for PWMgeneration_top
Fri May 27 17:45:33 2022
Quartus Prime Version 20.1.0 Build 711 06/05/2020 SJ Lite Edition


---------------------
; Table of Contents ;
---------------------
  1. Legal Notice
  2. Analysis & Synthesis Summary
  3. Analysis & Synthesis Settings
  4. Parallel Compilation
  5. Analysis & Synthesis Source Files Read
  6. Analysis & Synthesis Resource Usage Summary
  7. Analysis & Synthesis Resource Utilization by Entity
  8. Registers Removed During Synthesis
  9. General Register Statistics
 10. Inverted Register Statistics
 11. Multiplexer Restructuring Statistics (Restructuring Performed)
 12. Post-Synthesis Netlist Statistics for Top Partition
 13. Elapsed Time Per Partition
 14. Analysis & Synthesis Messages



----------------
; Legal Notice ;
----------------
Copyright (C) 2020  Intel Corporation. All rights reserved.
Your use of Intel Corporation's design tools, logic functions 
and other software and tools, and any partner logic 
functions, and any output files from any of the foregoing 
(including device programming or simulation files), and any 
associated documentation or information are expressly subject 
to the terms and conditions of the Intel Program License 
Subscription Agreement, the Intel Quartus Prime License Agreement,
the Intel FPGA IP License Agreement, or other applicable license
agreement, including, without limitation, that your use is for
the sole purpose of programming logic devices manufactured by
Intel and sold by Intel or its authorized distributors.  Please
refer to the applicable agreement for further details, at
https://fpgasoftware.intel.com/eula.



+----------------------------------------------------------------------------------+
; Analysis & Synthesis Summary                                                     ;
+------------------------------------+---------------------------------------------+
; Analysis & Synthesis Status        ; Successful - Fri May 27 17:45:33 2022       ;
; Quartus Prime Version              ; 20.1.0 Build 711 06/05/2020 SJ Lite Edition ;
; Revision Name                      ; PWMgeneration_top                           ;
; Top-level Entity Name              ; incdec_duty                                 ;
; Family                             ; MAX 10                                      ;
; Total logic elements               ; 197                                         ;
;     Total combinational functions  ; 176                                         ;
;     Dedicated logic registers      ; 48                                          ;
; Total registers                    ; 48                                          ;
; Total pins                         ; 35                                          ;
; Total virtual pins                 ; 0                                           ;
; Total memory bits                  ; 0                                           ;
; Embedded Multiplier 9-bit elements ; 0                                           ;
; Total PLLs                         ; 0                                           ;
; UFM blocks                         ; 0                                           ;
; ADC blocks                         ; 0                                           ;
+------------------------------------+---------------------------------------------+


+------------------------------------------------------------------------------------------------------------+
; Analysis & Synthesis Settings                                                                              ;
+------------------------------------------------------------------+--------------------+--------------------+
; Option                                                           ; Setting            ; Default Value      ;
+------------------------------------------------------------------+--------------------+--------------------+
; Device                                                           ; 10M50DAF484C7G     ;                    ;
; Top-level entity name                                            ; incdec_duty        ; PWMgeneration_top  ;
; Family name                                                      ; MAX 10             ; Cyclone V          ;
; Use smart compilation                                            ; Off                ; Off                ;
; Enable parallel Assembler and Timing Analyzer during compilation ; On                 ; On                 ;
; Enable compact report table                                      ; Off                ; Off                ;
; Restructure Multiplexers                                         ; Auto               ; Auto               ;
; Create Debugging Nodes for IP Cores                              ; Off                ; Off                ;
; Preserve fewer node names                                        ; On                 ; On                 ;
; Intel FPGA IP Evaluation Mode                                    ; Enable             ; Enable             ;
; Verilog Version                                                  ; Verilog_2001       ; Verilog_2001       ;
; VHDL Version                                                     ; VHDL_1993          ; VHDL_1993          ;
; State Machine Processing                                         ; Auto               ; Auto               ;
; Safe State Machine                                               ; Off                ; Off                ;
; Extract Verilog State Machines                                   ; On                 ; On                 ;
; Extract VHDL State Machines                                      ; On                 ; On                 ;
; Ignore Verilog initial constructs                                ; Off                ; Off                ;
; Iteration limit for constant Verilog loops                       ; 5000               ; 5000               ;
; Iteration limit for non-constant Verilog loops                   ; 250                ; 250                ;
; Add Pass-Through Logic to Inferred RAMs                          ; On                 ; On                 ;
; Infer RAMs from Raw Logic                                        ; On                 ; On                 ;
; Parallel Synthesis                                               ; On                 ; On                 ;
; DSP Block Balancing                                              ; Auto               ; Auto               ;
; NOT Gate Push-Back                                               ; On                 ; On                 ;
; Power-Up Don't Care                                              ; On                 ; On                 ;
; Remove Redundant Logic Cells                                     ; Off                ; Off                ;
; Remove Duplicate Registers                                       ; On                 ; On                 ;
; Ignore CARRY Buffers                                             ; Off                ; Off                ;
; Ignore CASCADE Buffers                                           ; Off                ; Off                ;
; Ignore GLOBAL Buffers                                            ; Off                ; Off                ;
; Ignore ROW GLOBAL Buffers                                        ; Off                ; Off                ;
; Ignore LCELL Buffers                                             ; Off                ; Off                ;
; Ignore SOFT Buffers                                              ; On                 ; On                 ;
; Limit AHDL Integers to 32 Bits                                   ; Off                ; Off                ;
; Optimization Technique                                           ; Balanced           ; Balanced           ;
; Carry Chain Length                                               ; 70                 ; 70                 ;
; Auto Carry Chains                                                ; On                 ; On                 ;
; Auto Open-Drain Pins                                             ; On                 ; On                 ;
; Perform WYSIWYG Primitive Resynthesis                            ; Off                ; Off                ;
; Auto ROM Replacement                                             ; On                 ; On                 ;
; Auto RAM Replacement                                             ; On                 ; On                 ;
; Auto DSP Block Replacement                                       ; On                 ; On                 ;
; Auto Shift Register Replacement                                  ; Auto               ; Auto               ;
; Allow Shift Register Merging across Hierarchies                  ; Auto               ; Auto               ;
; Auto Clock Enable Replacement                                    ; On                 ; On                 ;
; Strict RAM Replacement                                           ; Off                ; Off                ;
; Allow Synchronous Control Signals                                ; On                 ; On                 ;
; Force Use of Synchronous Clear Signals                           ; Off                ; Off                ;
; Auto RAM Block Balancing                                         ; On                 ; On                 ;
; Auto RAM to Logic Cell Conversion                                ; Off                ; Off                ;
; Auto Resource Sharing                                            ; Off                ; Off                ;
; Allow Any RAM Size For Recognition                               ; Off                ; Off                ;
; Allow Any ROM Size For Recognition                               ; Off                ; Off                ;
; Allow Any Shift Register Size For Recognition                    ; Off                ; Off                ;
; Use LogicLock Constraints during Resource Balancing              ; On                 ; On                 ;
; Ignore translate_off and synthesis_off directives                ; Off                ; Off                ;
; Timing-Driven Synthesis                                          ; On                 ; On                 ;
; Report Parameter Settings                                        ; On                 ; On                 ;
; Report Source Assignments                                        ; On                 ; On                 ;
; Report Connectivity Checks                                       ; On                 ; On                 ;
; Ignore Maximum Fan-Out Assignments                               ; Off                ; Off                ;
; Synchronization Register Chain Length                            ; 2                  ; 2                  ;
; Power Optimization During Synthesis                              ; Normal compilation ; Normal compilation ;
; HDL message level                                                ; Level2             ; Level2             ;
; Suppress Register Optimization Related Messages                  ; Off                ; Off                ;
; Number of Removed Registers Reported in Synthesis Report         ; 5000               ; 5000               ;
; Number of Swept Nodes Reported in Synthesis Report               ; 5000               ; 5000               ;
; Number of Inverted Registers Reported in Synthesis Report        ; 100                ; 100                ;
; Clock MUX Protection                                             ; On                 ; On                 ;
; Auto Gated Clock Conversion                                      ; Off                ; Off                ;
; Block Design Naming                                              ; Auto               ; Auto               ;
; SDC constraint protection                                        ; Off                ; Off                ;
; Synthesis Effort                                                 ; Auto               ; Auto               ;
; Shift Register Replacement - Allow Asynchronous Clear Signal     ; On                 ; On                 ;
; Pre-Mapping Resynthesis Optimization                             ; Off                ; Off                ;
; Analysis & Synthesis Message Level                               ; Medium             ; Medium             ;
; Disable Register Merging Across Hierarchies                      ; Auto               ; Auto               ;
; Resource Aware Inference For Block RAM                           ; On                 ; On                 ;
+------------------------------------------------------------------+--------------------+--------------------+


+------------------------------------------+
; Parallel Compilation                     ;
+----------------------------+-------------+
; Processors                 ; Number      ;
+----------------------------+-------------+
; Number detected on machine ; 8           ;
; Maximum allowed            ; 4           ;
;                            ;             ;
; Average used               ; 1.00        ;
; Maximum used               ; 4           ;
;                            ;             ;
; Usage by Processor         ; % Time Used ;
;     Processor 1            ; 100.0%      ;
;     Processors 2-4         ;   0.0%      ;
+----------------------------+-------------+


+-----------------------------------------------------------------------------------------------------------------------------------------------------------------------------------------------------+
; Analysis & Synthesis Source Files Read                                                                                                                                                              ;
+----------------------------------+-----------------+-----------------+--------------------------------------------------------------------------------------------------------------------+---------+
; File Name with User-Entered Path ; Used in Netlist ; File Type       ; File Name with Absolute Path                                                                                       ; Library ;
+----------------------------------+-----------------+-----------------+--------------------------------------------------------------------------------------------------------------------+---------+
; incdec_duty.vhd                  ; yes             ; User VHDL File  ; C:/Users/PC/OneDrive - Universidad de Oviedo/PhD/GitHub/Buckboost-OpenLoopPWM/VHDL/PWMgenerationv1/incdec_duty.vhd ;         ;
; PWM_pkg.vhd                      ; yes             ; User VHDL File  ; C:/Users/PC/OneDrive - Universidad de Oviedo/PhD/GitHub/Buckboost-OpenLoopPWM/VHDL/PWMgenerationv1/PWM_pkg.vhd     ;         ;
+----------------------------------+-----------------+-----------------+--------------------------------------------------------------------------------------------------------------------+---------+


+-----------------------------------------------------------+
; Analysis & Synthesis Resource Usage Summary               ;
+---------------------------------------------+-------------+
; Resource                                    ; Usage       ;
+---------------------------------------------+-------------+
; Estimated Total logic elements              ; 197         ;
;                                             ;             ;
; Total combinational functions               ; 176         ;
; Logic element usage by number of LUT inputs ;             ;
;     -- 4 input functions                    ; 85          ;
;     -- 3 input functions                    ; 33          ;
;     -- <=2 input functions                  ; 58          ;
;                                             ;             ;
; Logic elements by mode                      ;             ;
;     -- normal mode                          ; 128         ;
;     -- arithmetic mode                      ; 48          ;
;                                             ;             ;
; Total registers                             ; 48          ;
;     -- Dedicated logic registers            ; 48          ;
;     -- I/O registers                        ; 0           ;
;                                             ;             ;
; I/O pins                                    ; 35          ;
;                                             ;             ;
; Embedded Multiplier 9-bit elements          ; 0           ;
;                                             ;             ;
; Maximum fan-out node                        ; reset~input ;
; Maximum fan-out                             ; 62          ;
; Total fan-out                               ; 755         ;
; Average fan-out                             ; 2.57        ;
+---------------------------------------------+-------------+


+------------------------------------------------------------------------------------------------------------------------------------------------------------------------------------------------------------------------------------+
; Analysis & Synthesis Resource Utilization by Entity                                                                                                                                                                                ;
+----------------------------+---------------------+---------------------------+-------------+------------+--------------+---------+-----------+------+--------------+------------+---------------------+-------------+--------------+
; Compilation Hierarchy Node ; Combinational ALUTs ; Dedicated Logic Registers ; Memory Bits ; UFM Blocks ; DSP Elements ; DSP 9x9 ; DSP 18x18 ; Pins ; Virtual Pins ; ADC blocks ; Full Hierarchy Name ; Entity Name ; Library Name ;
+----------------------------+---------------------+---------------------------+-------------+------------+--------------+---------+-----------+------+--------------+------------+---------------------+-------------+--------------+
; |incdec_duty               ; 176 (176)           ; 48 (48)                   ; 0           ; 0          ; 0            ; 0       ; 0         ; 35   ; 0            ; 0          ; |incdec_duty        ; incdec_duty ; work         ;
+----------------------------+---------------------+---------------------------+-------------+------------+--------------+---------+-----------+------+--------------+------------+---------------------+-------------+--------------+
Note: For table entries with two numbers listed, the numbers in parentheses indicate the number of resources of the given type used by the specific entity alone. The numbers listed outside of parentheses indicate the total resources of the given type used by the specific entity and all of its sub-entities in the hierarchy.


+--------------------------------------------------------------------------+
; Registers Removed During Synthesis                                       ;
+----------------------------------------+---------------------------------+
; Register name                          ; Reason for Removal              ;
+----------------------------------------+---------------------------------+
; d1_act[3]~_emulated                    ; Merged with d1[3]~reg0_emulated ;
; d1_act[5]~_emulated                    ; Merged with d1[5]~reg0_emulated ;
; d1_act[7]~_emulated                    ; Merged with d1[7]~reg0_emulated ;
; d1_act[8]~_emulated                    ; Merged with d1[8]~reg0_emulated ;
; d2_act[0]~_emulated                    ; Merged with d2[0]~reg0_emulated ;
; d2_act[1]~_emulated                    ; Merged with d2[1]~reg0_emulated ;
; d2_act[2]~_emulated                    ; Merged with d2[2]~reg0_emulated ;
; d2_act[4]~_emulated                    ; Merged with d2[4]~reg0_emulated ;
; d2_act[6]~_emulated                    ; Merged with d2[6]~reg0_emulated ;
; d2_act[8]~_emulated                    ; Merged with d2[8]~reg0_emulated ;
; Total Number of Removed Registers = 10 ;                                 ;
+----------------------------------------+---------------------------------+


+------------------------------------------------------+
; General Register Statistics                          ;
+----------------------------------------------+-------+
; Statistic                                    ; Value ;
+----------------------------------------------+-------+
; Total registers                              ; 48    ;
; Number of registers using Synchronous Clear  ; 0     ;
; Number of registers using Synchronous Load   ; 0     ;
; Number of registers using Asynchronous Clear ; 48    ;
; Number of registers using Asynchronous Load  ; 0     ;
; Number of registers using Clock Enable       ; 0     ;
; Number of registers using Preset             ; 0     ;
+----------------------------------------------+-------+


+--------------------------------------------------+
; Inverted Register Statistics                     ;
+----------------------------------------+---------+
; Inverted Register                      ; Fan out ;
+----------------------------------------+---------+
; d1[1]~reg0                             ; 1       ;
; d1[2]~reg0                             ; 1       ;
; d1[4]~reg0                             ; 1       ;
; d1_act[4]                              ; 5       ;
; d1_act[2]                              ; 5       ;
; d1_act[1]                              ; 5       ;
; Total number of inverted registers = 6 ;         ;
+----------------------------------------+---------+


+------------------------------------------------------------------------------------------------------------------------------------------+
; Multiplexer Restructuring Statistics (Restructuring Performed)                                                                           ;
+--------------------+-----------+---------------+----------------------+------------------------+------------+----------------------------+
; Multiplexer Inputs ; Bus Width ; Baseline Area ; Area if Restructured ; Saving if Restructured ; Registered ; Example Multiplexer Output ;
+--------------------+-----------+---------------+----------------------+------------------------+------------+----------------------------+
; 5:1                ; 9 bits    ; 27 LEs        ; 27 LEs               ; 0 LEs                  ; No         ; |incdec_duty|delay_sig[0]  ;
; 8:1                ; 9 bits    ; 45 LEs        ; 36 LEs               ; 9 LEs                  ; No         ; |incdec_duty|d1_sig[0]     ;
; 8:1                ; 9 bits    ; 45 LEs        ; 36 LEs               ; 9 LEs                  ; No         ; |incdec_duty|d2_sig[0]     ;
+--------------------+-----------+---------------+----------------------+------------------------+------------+----------------------------+


+-----------------------------------------------------+
; Post-Synthesis Netlist Statistics for Top Partition ;
+-----------------------+-----------------------------+
; Type                  ; Count                       ;
+-----------------------+-----------------------------+
; boundary_port         ; 35                          ;
; cycloneiii_ff         ; 48                          ;
;     CLR               ; 48                          ;
; cycloneiii_lcell_comb ; 179                         ;
;     arith             ; 48                          ;
;         2 data inputs ; 48                          ;
;     normal            ; 131                         ;
;         1 data inputs ; 9                           ;
;         2 data inputs ; 4                           ;
;         3 data inputs ; 33                          ;
;         4 data inputs ; 85                          ;
;                       ;                             ;
; Max LUT depth         ; 7.00                        ;
; Average LUT depth     ; 5.00                        ;
+-----------------------+-----------------------------+


+-------------------------------+
; Elapsed Time Per Partition    ;
+----------------+--------------+
; Partition Name ; Elapsed Time ;
+----------------+--------------+
; Top            ; 00:00:01     ;
+----------------+--------------+


+-------------------------------+
; Analysis & Synthesis Messages ;
+-------------------------------+
Info: *******************************************************************
Info: Running Quartus Prime Analysis & Synthesis
    Info: Version 20.1.0 Build 711 06/05/2020 SJ Lite Edition
    Info: Processing started: Fri May 27 17:45:17 2022
Info: Command: quartus_map --read_settings_files=on --write_settings_files=off PWMgeneration -c PWMgeneration_top
Warning (18236): Number of processors has not been specified which may cause overloading on shared machines.  Set the global assignment NUM_PARALLEL_PROCESSORS in your QSF to an appropriate value for best performance.
Info (20030): Parallel compilation is enabled and will use 4 of the 4 processors detected
Info (12021): Found 2 design units, including 1 entities, in source file pwmgeneration_tb.vhd
    Info (12022): Found design unit 1: PWMgeneration_tb-TestBench File: C:/Users/PC/OneDrive - Universidad de Oviedo/PhD/GitHub/Buckboost-OpenLoopPWM/VHDL/PWMgenerationv1/PWMgeneration_tb.vhd Line: 9
    Info (12023): Found entity 1: PWMgeneration_tb File: C:/Users/PC/OneDrive - Universidad de Oviedo/PhD/GitHub/Buckboost-OpenLoopPWM/VHDL/PWMgenerationv1/PWMgeneration_tb.vhd Line: 5
Info (12021): Found 2 design units, including 1 entities, in source file pwmgeneration_top.vhd
    Info (12022): Found design unit 1: PWMgeneration_top-RTL File: C:/Users/PC/OneDrive - Universidad de Oviedo/PhD/GitHub/Buckboost-OpenLoopPWM/VHDL/PWMgenerationv1/PWMgeneration_top.vhd Line: 34
    Info (12023): Found entity 1: PWMgeneration_top File: C:/Users/PC/OneDrive - Universidad de Oviedo/PhD/GitHub/Buckboost-OpenLoopPWM/VHDL/PWMgenerationv1/PWMgeneration_top.vhd Line: 8
Info (12021): Found 2 design units, including 1 entities, in source file watchdog.vhd
    Info (12022): Found design unit 1: watchdog-behavior File: C:/Users/PC/OneDrive - Universidad de Oviedo/PhD/GitHub/Buckboost-OpenLoopPWM/VHDL/PWMgenerationv1/watchdog.vhd Line: 14
    Info (12023): Found entity 1: watchdog File: C:/Users/PC/OneDrive - Universidad de Oviedo/PhD/GitHub/Buckboost-OpenLoopPWM/VHDL/PWMgenerationv1/watchdog.vhd Line: 6
Info (12021): Found 2 design units, including 1 entities, in source file set_reset.vhd
    Info (12022): Found design unit 1: set_reset-behavior File: C:/Users/PC/OneDrive - Universidad de Oviedo/PhD/GitHub/Buckboost-OpenLoopPWM/VHDL/PWMgenerationv1/set_reset.vhd Line: 14
    Info (12023): Found entity 1: set_reset File: C:/Users/PC/OneDrive - Universidad de Oviedo/PhD/GitHub/Buckboost-OpenLoopPWM/VHDL/PWMgenerationv1/set_reset.vhd Line: 6
Info (12021): Found 2 design units, including 1 entities, in source file pwm.vhd
    Info (12022): Found design unit 1: PWM-behavior File: C:/Users/PC/OneDrive - Universidad de Oviedo/PhD/GitHub/Buckboost-OpenLoopPWM/VHDL/PWMgenerationv1/PWM.vhd Line: 23
    Info (12023): Found entity 1: PWM File: C:/Users/PC/OneDrive - Universidad de Oviedo/PhD/GitHub/Buckboost-OpenLoopPWM/VHDL/PWMgenerationv1/PWM.vhd Line: 8
Info (12021): Found 2 design units, including 1 entities, in source file incdec_duty.vhd
    Info (12022): Found design unit 1: incdec_duty-behavior File: C:/Users/PC/OneDrive - Universidad de Oviedo/PhD/GitHub/Buckboost-OpenLoopPWM/VHDL/PWMgenerationv1/incdec_duty.vhd Line: 26
    Info (12023): Found entity 1: incdec_duty File: C:/Users/PC/OneDrive - Universidad de Oviedo/PhD/GitHub/Buckboost-OpenLoopPWM/VHDL/PWMgenerationv1/incdec_duty.vhd Line: 10
Info (12021): Found 2 design units, including 0 entities, in source file pwm_pkg.vhd
    Info (12022): Found design unit 1: PWM_package File: C:/Users/PC/OneDrive - Universidad de Oviedo/PhD/GitHub/Buckboost-OpenLoopPWM/VHDL/PWMgenerationv1/PWM_pkg.vhd Line: 2
    Info (12022): Found design unit 2: PWM_package-body File: C:/Users/PC/OneDrive - Universidad de Oviedo/PhD/GitHub/Buckboost-OpenLoopPWM/VHDL/PWMgenerationv1/PWM_pkg.vhd Line: 35
Info (12021): Found 2 design units, including 1 entities, in source file incdecduty_tb.vhd
    Info (12022): Found design unit 1: incdecduty_tb-TestBench File: C:/Users/PC/OneDrive - Universidad de Oviedo/PhD/GitHub/Buckboost-OpenLoopPWM/VHDL/PWMgenerationv1/incdecduty_tb.vhd Line: 9
    Info (12023): Found entity 1: incdecduty_tb File: C:/Users/PC/OneDrive - Universidad de Oviedo/PhD/GitHub/Buckboost-OpenLoopPWM/VHDL/PWMgenerationv1/incdecduty_tb.vhd Line: 5
Info (12127): Elaborating entity "incdec_duty" for the top level hierarchy
Info (13000): Registers with preset signals will power-up high File: C:/Users/PC/OneDrive - Universidad de Oviedo/PhD/GitHub/Buckboost-OpenLoopPWM/VHDL/PWMgenerationv1/incdec_duty.vhd Line: 39
Info (13003): DEV_CLRn pin will set, and not reset, register with preset signal due to NOT Gate Push-Back
Warning (13004): Presettable and clearable registers converted to equivalent circuits with latches. Registers power-up to an undefined state, and DEVCLRn places the registers in an undefined state.
    Warning (13310): Register "d1[3]~reg0" is converted into an equivalent circuit using register "d1[3]~reg0_emulated" and latch "d1[3]~1" File: C:/Users/PC/OneDrive - Universidad de Oviedo/PhD/GitHub/Buckboost-OpenLoopPWM/VHDL/PWMgenerationv1/incdec_duty.vhd Line: 39
    Warning (13310): Register "d1[5]~reg0" is converted into an equivalent circuit using register "d1[5]~reg0_emulated" and latch "d1[3]~1" File: C:/Users/PC/OneDrive - Universidad de Oviedo/PhD/GitHub/Buckboost-OpenLoopPWM/VHDL/PWMgenerationv1/incdec_duty.vhd Line: 39
    Warning (13310): Register "d1[7]~reg0" is converted into an equivalent circuit using register "d1[7]~reg0_emulated" and latch "d1[3]~1" File: C:/Users/PC/OneDrive - Universidad de Oviedo/PhD/GitHub/Buckboost-OpenLoopPWM/VHDL/PWMgenerationv1/incdec_duty.vhd Line: 39
    Warning (13310): Register "d1[8]~reg0" is converted into an equivalent circuit using register "d1[8]~reg0_emulated" and latch "d1[8]~9" File: C:/Users/PC/OneDrive - Universidad de Oviedo/PhD/GitHub/Buckboost-OpenLoopPWM/VHDL/PWMgenerationv1/incdec_duty.vhd Line: 39
    Warning (13310): Register "d2[0]~reg0" is converted into an equivalent circuit using register "d2[0]~reg0_emulated" and latch "d2[0]~1" File: C:/Users/PC/OneDrive - Universidad de Oviedo/PhD/GitHub/Buckboost-OpenLoopPWM/VHDL/PWMgenerationv1/incdec_duty.vhd Line: 39
    Warning (13310): Register "d2[1]~reg0" is converted into an equivalent circuit using register "d2[1]~reg0_emulated" and latch "d2[1]~5" File: C:/Users/PC/OneDrive - Universidad de Oviedo/PhD/GitHub/Buckboost-OpenLoopPWM/VHDL/PWMgenerationv1/incdec_duty.vhd Line: 39
    Warning (13310): Register "d2[2]~reg0" is converted into an equivalent circuit using register "d2[2]~reg0_emulated" and latch "d2[1]~5" File: C:/Users/PC/OneDrive - Universidad de Oviedo/PhD/GitHub/Buckboost-OpenLoopPWM/VHDL/PWMgenerationv1/incdec_duty.vhd Line: 39
    Warning (13310): Register "d2[4]~reg0" is converted into an equivalent circuit using register "d2[4]~reg0_emulated" and latch "d2[1]~5" File: C:/Users/PC/OneDrive - Universidad de Oviedo/PhD/GitHub/Buckboost-OpenLoopPWM/VHDL/PWMgenerationv1/incdec_duty.vhd Line: 39
    Warning (13310): Register "d2[6]~reg0" is converted into an equivalent circuit using register "d2[6]~reg0_emulated" and latch "d2[0]~1" File: C:/Users/PC/OneDrive - Universidad de Oviedo/PhD/GitHub/Buckboost-OpenLoopPWM/VHDL/PWMgenerationv1/incdec_duty.vhd Line: 39
    Warning (13310): Register "d2[8]~reg0" is converted into an equivalent circuit using register "d2[8]~reg0_emulated" and latch "d2[1]~5" File: C:/Users/PC/OneDrive - Universidad de Oviedo/PhD/GitHub/Buckboost-OpenLoopPWM/VHDL/PWMgenerationv1/incdec_duty.vhd Line: 39
    Warning (13310): Register "d1_act[8]" is converted into an equivalent circuit using register "d1_act[8]~_emulated" and latch "d1[8]~9" File: C:/Users/PC/OneDrive - Universidad de Oviedo/PhD/GitHub/Buckboost-OpenLoopPWM/VHDL/PWMgenerationv1/incdec_duty.vhd Line: 39
    Warning (13310): Register "d1_act[7]" is converted into an equivalent circuit using register "d1_act[7]~_emulated" and latch "d1[3]~1" File: C:/Users/PC/OneDrive - Universidad de Oviedo/PhD/GitHub/Buckboost-OpenLoopPWM/VHDL/PWMgenerationv1/incdec_duty.vhd Line: 39
    Warning (13310): Register "d1_act[5]" is converted into an equivalent circuit using register "d1_act[5]~_emulated" and latch "d1[3]~1" File: C:/Users/PC/OneDrive - Universidad de Oviedo/PhD/GitHub/Buckboost-OpenLoopPWM/VHDL/PWMgenerationv1/incdec_duty.vhd Line: 39
    Warning (13310): Register "d1_act[3]" is converted into an equivalent circuit using register "d1_act[3]~_emulated" and latch "d1[3]~1" File: C:/Users/PC/OneDrive - Universidad de Oviedo/PhD/GitHub/Buckboost-OpenLoopPWM/VHDL/PWMgenerationv1/incdec_duty.vhd Line: 39
    Warning (13310): Register "d2_act[8]" is converted into an equivalent circuit using register "d2_act[8]~_emulated" and latch "d2[1]~5" File: C:/Users/PC/OneDrive - Universidad de Oviedo/PhD/GitHub/Buckboost-OpenLoopPWM/VHDL/PWMgenerationv1/incdec_duty.vhd Line: 39
    Warning (13310): Register "d2_act[6]" is converted into an equivalent circuit using register "d2_act[6]~_emulated" and latch "d2[0]~1" File: C:/Users/PC/OneDrive - Universidad de Oviedo/PhD/GitHub/Buckboost-OpenLoopPWM/VHDL/PWMgenerationv1/incdec_duty.vhd Line: 39
    Warning (13310): Register "d2_act[4]" is converted into an equivalent circuit using register "d2_act[4]~_emulated" and latch "d2[1]~5" File: C:/Users/PC/OneDrive - Universidad de Oviedo/PhD/GitHub/Buckboost-OpenLoopPWM/VHDL/PWMgenerationv1/incdec_duty.vhd Line: 39
    Warning (13310): Register "d2_act[2]" is converted into an equivalent circuit using register "d2_act[2]~_emulated" and latch "d2[1]~5" File: C:/Users/PC/OneDrive - Universidad de Oviedo/PhD/GitHub/Buckboost-OpenLoopPWM/VHDL/PWMgenerationv1/incdec_duty.vhd Line: 39
    Warning (13310): Register "d2_act[1]" is converted into an equivalent circuit using register "d2_act[1]~_emulated" and latch "d2[1]~5" File: C:/Users/PC/OneDrive - Universidad de Oviedo/PhD/GitHub/Buckboost-OpenLoopPWM/VHDL/PWMgenerationv1/incdec_duty.vhd Line: 39
    Warning (13310): Register "d2_act[0]" is converted into an equivalent circuit using register "d2_act[0]~_emulated" and latch "d2[0]~1" File: C:/Users/PC/OneDrive - Universidad de Oviedo/PhD/GitHub/Buckboost-OpenLoopPWM/VHDL/PWMgenerationv1/incdec_duty.vhd Line: 39
Info (286030): Timing-Driven Synthesis is running
Critical Warning (18061): Ignored Power-Up Level option on the following registers
    Critical Warning (18010): Register d1[1]~reg0 will power up to High File: C:/Users/PC/OneDrive - Universidad de Oviedo/PhD/GitHub/Buckboost-OpenLoopPWM/VHDL/PWMgenerationv1/incdec_duty.vhd Line: 39
    Critical Warning (18010): Register d1[2]~reg0 will power up to High File: C:/Users/PC/OneDrive - Universidad de Oviedo/PhD/GitHub/Buckboost-OpenLoopPWM/VHDL/PWMgenerationv1/incdec_duty.vhd Line: 39
    Critical Warning (18010): Register d1[4]~reg0 will power up to High File: C:/Users/PC/OneDrive - Universidad de Oviedo/PhD/GitHub/Buckboost-OpenLoopPWM/VHDL/PWMgenerationv1/incdec_duty.vhd Line: 39
    Critical Warning (18010): Register delay_act[4] will power up to Low File: C:/Users/PC/OneDrive - Universidad de Oviedo/PhD/GitHub/Buckboost-OpenLoopPWM/VHDL/PWMgenerationv1/incdec_duty.vhd Line: 39
    Critical Warning (18010): Register delay_act[3] will power up to Low File: C:/Users/PC/OneDrive - Universidad de Oviedo/PhD/GitHub/Buckboost-OpenLoopPWM/VHDL/PWMgenerationv1/incdec_duty.vhd Line: 39
    Critical Warning (18010): Register delay_act[2] will power up to Low File: C:/Users/PC/OneDrive - Universidad de Oviedo/PhD/GitHub/Buckboost-OpenLoopPWM/VHDL/PWMgenerationv1/incdec_duty.vhd Line: 39
    Critical Warning (18010): Register delay_act[1] will power up to Low File: C:/Users/PC/OneDrive - Universidad de Oviedo/PhD/GitHub/Buckboost-OpenLoopPWM/VHDL/PWMgenerationv1/incdec_duty.vhd Line: 39
    Critical Warning (18010): Register d1_act[4] will power up to High File: C:/Users/PC/OneDrive - Universidad de Oviedo/PhD/GitHub/Buckboost-OpenLoopPWM/VHDL/PWMgenerationv1/incdec_duty.vhd Line: 39
    Critical Warning (18010): Register d1_act[2] will power up to High File: C:/Users/PC/OneDrive - Universidad de Oviedo/PhD/GitHub/Buckboost-OpenLoopPWM/VHDL/PWMgenerationv1/incdec_duty.vhd Line: 39
    Critical Warning (18010): Register d1_act[1] will power up to High File: C:/Users/PC/OneDrive - Universidad de Oviedo/PhD/GitHub/Buckboost-OpenLoopPWM/VHDL/PWMgenerationv1/incdec_duty.vhd Line: 39
Info (16010): Generating hard_block partition "hard_block:auto_generated_inst"
    Info (16011): Adding 0 node(s), including 0 DDIO, 0 PLL, 0 transceiver and 0 LCELL
Info (21057): Implemented 249 device resources after synthesis - the final resource count might be different
    Info (21058): Implemented 8 input pins
    Info (21059): Implemented 27 output pins
    Info (21061): Implemented 214 logic cells
Info: Quartus Prime Analysis & Synthesis was successful. 0 errors, 33 warnings
    Info: Peak virtual memory: 4785 megabytes
    Info: Processing ended: Fri May 27 17:45:33 2022
    Info: Elapsed time: 00:00:16
    Info: Total CPU time (on all processors): 00:00:34


